<?xml version="1.0" encoding="UTF-8"?>
<!-- Generated by org.testng.reporters.JUnitReportReporter -->
<testsuite skipped="0" hostname="DINESH" name="com.actitime.test.Dem1" tests="2" failures="0" timestamp="2020-10-17T19:33:42 IST" time="0.038" errors="0">
  <testcase name="CreateCustomer" time="0.035" classname="com.actitime.test.Dem1"/>
  <system-out>
CreateCustomer  </system-out>
  <testcase name="DeleteCustomer" time="0.003" classname="com.actitime.test.Dem1"/>
  <system-out>
DeleteCustomer  </system-out>
</testsuite> <!-- com.actitime.test.Dem1 -->
