<?xml version="1.0" encoding="UTF-8"?>
<!-- Generated by org.testng.reporters.JUnitReportReporter -->
<testsuite skipped="0" hostname="DINESH" name="com.actitime.test.BaseClass" tests="1" failures="0" timestamp="2020-10-19T14:59:56 IST" time="2.253" errors="0">
  <testcase name="OpenBrowser" time="2.253" classname="com.actitime.test.BaseClass"/>
  <system-out>
OpenBrowser  </system-out>
</testsuite> <!-- com.actitime.test.BaseClass -->
