<?xml version="1.0" encoding="UTF-8"?>
<!-- Generated by org.testng.reporters.JUnitReportReporter -->
<testsuite skipped="0" hostname="DINESH" name="com.actitime.test.Aser" tests="1" failures="0" timestamp="2020-10-20T08:40:19 IST" time="15.972" errors="0">
  <testcase name="testVerifyTitle" time="15.972" classname="com.actitime.test.Aser"/>
  <system-out/>
</testsuite> <!-- com.actitime.test.Aser -->
