<?xml version="1.0" encoding="UTF-8"?>
<!-- Generated by org.testng.reporters.JUnitReportReporter -->
<testsuite skipped="0" hostname="DINESH" name="com.actitime.test.Demo" tests="1" failures="0" timestamp="2020-10-15T15:42:42 IST" time="0.012" errors="0">
  <testcase name="TestDemo" time="0.012" classname="com.actitime.test.Demo"/>
  <system-out>
Welcome to TestNG  </system-out>
</testsuite> <!-- com.actitime.test.Demo -->
