<?xml version="1.0" encoding="UTF-8"?>
<!-- Generated by org.testng.reporters.JUnitReportReporter -->
<testsuite skipped="0" hostname="DINESH" name="com.actitime.test.Examp" tests="2" failures="0" timestamp="2020-10-16T15:01:57 IST" time="0.028" errors="0">
  <testcase name="CreateCustomer" time="0.024" classname="com.actitime.test.Examp"/>
  <system-out>
CreateCustomer  </system-out>
  <testcase name="DeleteCustomer" time="0.004" classname="com.actitime.test.Examp"/>
  <system-out>
DeleteCustomer  </system-out>
</testsuite> <!-- com.actitime.test.Examp -->
