<?xml version="1.0" encoding="UTF-8"?>
<!-- Generated by org.testng.reporters.JUnitReportReporter -->
<testsuite skipped="0" hostname="DINESH" name="com.actitime.test.Assertion" tests="1" failures="0" timestamp="2020-10-19T15:14:30 IST" time="23.446" errors="0">
  <testcase name="testVerifyTitle" time="23.446" classname="com.actitime.test.Assertion"/>
  <system-out/>
</testsuite> <!-- com.actitime.test.Assertion -->
